# JRE version: Java(TM) SE Runtime Environment (7.0_51-b13) (build 1.7.0_51-b13)
# Java VM: Java HotSpot(TM) 64-Bit Server VM (24.51-b03 mixed mode bsd-amd64 compressed oops)
Heap
 PSYoungGen      total 151040K, used 23491K [0x0000000160080000, 0x0000000173980000, 0x000000018ab80000)
  eden space 133632K, 4% used [0x0000000160080000,0x0000000160670d50,0x0000000168300000)
  from space 17408K, 100% used [0x0000000168300000,0x0000000169400000,0x0000000169400000)
  to   space 26624K, 0% used [0x0000000171f80000,0x0000000171f80000,0x0000000173980000)
 ParOldGen       total 87040K, used 37309K [0x000000010ab80000, 0x0000000110080000, 0x0000000160080000)
  object space 87040K, 42% used [0x000000010ab80000,0x000000010cfef430,0x0000000110080000)
 PSPermGen       total 21504K, used 12037K [0x0000000105980000, 0x0000000106e80000, 0x000000010ab80000)
  object space 21504K, 55% used [0x0000000105980000,0x0000000106541458,0x0000000106e80000)
GC Heap History (10 events):
Event: 4.529 GC heap before
{Heap before GC invocations=3 (full 0):
 PSYoungGen      total 38912K, used 38896K [0x0000000160080000, 0x0000000164c80000, 0x000000018ab80000)
  eden space 33792K, 100% used [0x0000000160080000,0x0000000162180000,0x0000000162180000)
  from space 5120K, 99% used [0x0000000162680000,0x0000000162b7c020,0x0000000162b80000)
  to   space 5120K, 0% used [0x0000000162180000,0x0000000162180000,0x0000000162680000)
 ParOldGen       total 87040K, used 4461K [0x000000010ab80000, 0x0000000110080000, 0x0000000160080000)
  object space 87040K, 5% used [0x000000010ab80000,0x000000010afdb6a0,0x0000000110080000)
 PSPermGen       total 21504K, used 12026K [0x0000000105980000, 0x0000000106e80000, 0x000000010ab80000)
  object space 21504K, 55% used [0x0000000105980000,0x000000010653e8c0,0x0000000106e80000)
Event: 4.560 GC heap after
Heap after GC invocations=3 (full 0):
 PSYoungGen      total 38912K, used 5120K [0x0000000160080000, 0x0000000164c80000, 0x000000018ab80000)
  eden space 33792K, 0% used [0x0000000160080000,0x0000000160080000,0x0000000162180000)
  from space 5120K, 100% used [0x0000000162180000,0x0000000162680000,0x0000000162680000)
  to   space 5120K, 0% used [0x0000000164780000,0x0000000164780000,0x0000000164c80000)
 ParOldGen       total 87040K, used 8940K [0x000000010ab80000, 0x0000000110080000, 0x0000000160080000)
  object space 87040K, 10% used [0x000000010ab80000,0x000000010b43b140,0x0000000110080000)
 PSPermGen       total 21504K, used 12026K [0x0000000105980000, 0x0000000106e80000, 0x000000010ab80000)
  object space 21504K, 55% used [0x0000000105980000,0x000000010653e8c0,0x0000000106e80000)
}
Event: 5.142 GC heap before
{Heap before GC invocations=4 (full 0):
 PSYoungGen      total 38912K, used 38912K [0x0000000160080000, 0x0000000164c80000, 0x000000018ab80000)
  eden space 33792K, 100% used [0x0000000160080000,0x0000000162180000,0x0000000162180000)
  from space 5120K, 100% used [0x0000000162180000,0x0000000162680000,0x0000000162680000)
  to   space 5120K, 0% used [0x0000000164780000,0x0000000164780000,0x0000000164c80000)
 ParOldGen       total 87040K, used 8940K [0x000000010ab80000, 0x0000000110080000, 0x0000000160080000)
  object space 87040K, 10% used [0x000000010ab80000,0x000000010b43b140,0x0000000110080000)
 PSPermGen       total 21504K, used 12027K [0x0000000105980000, 0x0000000106e80000, 0x000000010ab80000)
  object space 21504K, 55% used [0x0000000105980000,0x000000010653ef58,0x0000000106e80000)
Event: 5.177 GC heap after
Heap after GC invocations=4 (full 0):
 PSYoungGen      total 72704K, used 5088K [0x0000000160080000, 0x0000000164c80000, 0x000000018ab80000)
  eden space 67584K, 0% used [0x0000000160080000,0x0000000160080000,0x0000000164280000)
  from space 5120K, 99% used [0x0000000164780000,0x0000000164c78020,0x0000000164c80000)
  to   space 5120K, 0% used [0x0000000164280000,0x0000000164280000,0x0000000164780000)
 ParOldGen       total 87040K, used 13824K [0x000000010ab80000, 0x0000000110080000, 0x0000000160080000)
  object space 87040K, 15% used [0x000000010ab80000,0x000000010b9000e8,0x0000000110080000)
 PSPermGen       total 21504K, used 12027K [0x0000000105980000, 0x0000000106e80000, 0x000000010ab80000)
  object space 21504K, 55% used [0x0000000105980000,0x000000010653ef58,0x0000000106e80000)
}
Event: 6.358 GC heap before
{Heap before GC invocations=5 (full 0):
 PSYoungGen      total 72704K, used 72672K [0x0000000160080000, 0x0000000164c80000, 0x000000018ab80000)
  eden space 67584K, 100% used [0x0000000160080000,0x0000000164280000,0x0000000164280000)
  from space 5120K, 99% used [0x0000000164780000,0x0000000164c78020,0x0000000164c80000)
  to   space 5120K, 0% used [0x0000000164280000,0x0000000164280000,0x0000000164780000)
 ParOldGen       total 87040K, used 13824K [0x000000010ab80000, 0x0000000110080000, 0x0000000160080000)
  object space 87040K, 15% used [0x000000010ab80000,0x000000010b9000e8,0x0000000110080000)
 PSPermGen       total 21504K, used 12032K [0x0000000105980000, 0x0000000106e80000, 0x000000010ab80000)
  object space 21504K, 55% used [0x0000000105980000,0x0000000106540200,0x0000000106e80000)
Event: 6.411 GC heap after
Heap after GC invocations=5 (full 0):
 PSYoungGen      total 72704K, used 5088K [0x0000000160080000, 0x000000016a380000, 0x000000018ab80000)
  eden space 67584K, 0% used [0x0000000160080000,0x0000000160080000,0x0000000164280000)
  from space 5120K, 99% used [0x0000000164280000,0x0000000164778020,0x0000000164780000)
  to   space 15872K, 0% used [0x0000000169400000,0x0000000169400000,0x000000016a380000)
 ParOldGen       total 87040K, used 23496K [0x000000010ab80000, 0x0000000110080000, 0x0000000160080000)
  object space 87040K, 26% used [0x000000010ab80000,0x000000010c2722d0,0x0000000110080000)
 PSPermGen       total 21504K, used 12032K [0x0000000105980000, 0x0000000106e80000, 0x000000010ab80000)
  object space 21504K, 55% used [0x0000000105980000,0x0000000106540200,0x0000000106e80000)
}
Event: 7.553 GC heap before
{Heap before GC invocations=6 (full 0):
 PSYoungGen      total 72704K, used 72672K [0x0000000160080000, 0x000000016a380000, 0x000000018ab80000)
  eden space 67584K, 100% used [0x0000000160080000,0x0000000164280000,0x0000000164280000)
  from space 5120K, 99% used [0x0000000164280000,0x0000000164778020,0x0000000164780000)
  to   space 15872K, 0% used [0x0000000169400000,0x0000000169400000,0x000000016a380000)
 ParOldGen       total 87040K, used 23496K [0x000000010ab80000, 0x0000000110080000, 0x0000000160080000)
  object space 87040K, 26% used [0x000000010ab80000,0x000000010c2722d0,0x0000000110080000)
 PSPermGen       total 21504K, used 12034K [0x0000000105980000, 0x0000000106e80000, 0x000000010ab80000)
  object space 21504K, 55% used [0x0000000105980000,0x0000000106540b48,0x0000000106e80000)
Event: 7.609 GC heap after
Heap after GC invocations=6 (full 0):
 PSYoungGen      total 149504K, used 13536K [0x0000000160080000, 0x000000016a680000, 0x000000018ab80000)
  eden space 133632K, 0% used [0x0000000160080000,0x0000000160080000,0x0000000168300000)
  from space 15872K, 85% used [0x0000000169400000,0x000000016a138030,0x000000016a380000)
  to   space 17408K, 0% used [0x0000000168300000,0x0000000168300000,0x0000000169400000)
 ParOldGen       total 87040K, used 23496K [0x000000010ab80000, 0x0000000110080000, 0x0000000160080000)
  object space 87040K, 26% used [0x000000010ab80000,0x000000010c2722d0,0x0000000110080000)
 PSPermGen       total 21504K, used 12034K [0x0000000105980000, 0x0000000106e80000, 0x000000010ab80000)
  object space 21504K, 55% used [0x0000000105980000,0x0000000106540b48,0x0000000106e80000)
}
Event: 9.918 GC heap before
{Heap before GC invocations=7 (full 0):
 PSYoungGen      total 149504K, used 147168K [0x0000000160080000, 0x000000016a680000, 0x000000018ab80000)
  eden space 133632K, 100% used [0x0000000160080000,0x0000000168300000,0x0000000168300000)
  from space 15872K, 85% used [0x0000000169400000,0x000000016a138030,0x000000016a380000)
  to   space 17408K, 0% used [0x0000000168300000,0x0000000168300000,0x0000000169400000)
 ParOldGen       total 87040K, used 23496K [0x000000010ab80000, 0x0000000110080000, 0x0000000160080000)
  object space 87040K, 26% used [0x000000010ab80000,0x000000010c2722d0,0x0000000110080000)
 PSPermGen       total 21504K, used 12036K [0x0000000105980000, 0x0000000106e80000, 0x000000010ab80000)
  object space 21504K, 55% used [0x0000000105980000,0x0000000106541318,0x0000000106e80000)
Event: 10.035 GC heap after
Heap after GC invocations=7 (full 0):
 PSYoungGen      total 151040K, used 17408K [0x0000000160080000, 0x0000000173980000, 0x000000018ab80000)
  eden space 133632K, 0% used [0x0000000160080000,0x0000000160080000,0x0000000168300000)
  from space 17408K, 100% used [0x0000000168300000,0x0000000169400000,0x0000000169400000)
  to   space 26624K, 0% used [0x0000000171f80000,0x0000000171f80000,0x0000000173980000)
 ParOldGen       total 87040K, used 37309K [0x000000010ab80000, 0x0000000110080000, 0x0000000160080000)
  object space 87040K, 42% used [0x000000010ab80000,0x000000010cfef430,0x0000000110080000)
 PSPermGen       total 21504K, used 12036K [0x0000000105980000, 0x0000000106e80000, 0x000000010ab80000)
  object space 21504K, 55% used [0x0000000105980000,0x0000000106541318,0x0000000106e80000)
}

