# JRE version: Java(TM) SE Runtime Environment (7.0_51-b13) (build 1.7.0_51-b13)
# Java VM: Java HotSpot(TM) 64-Bit Server VM (24.51-b03 mixed mode bsd-amd64 compressed oops)
Heap
 PSYoungGen      total 362496K, used 43154K [0x0000000169e80000, 0x0000000187200000, 0x0000000194980000)
  eden space 309248K, 4% used [0x0000000169e80000,0x000000016aacdb50,0x000000017cc80000)
  from space 53248K, 57% used [0x0000000181500000,0x00000001832d6d08,0x0000000184900000)
  to   space 74240K, 0% used [0x000000017cc80000,0x000000017cc80000,0x0000000181500000)
 ParOldGen       total 268800K, used 157661K [0x0000000114980000, 0x0000000125000000, 0x0000000169e80000)
  object space 268800K, 58% used [0x0000000114980000,0x000000011e377670,0x0000000125000000)
 PSPermGen       total 30208K, used 13399K [0x000000010f780000, 0x0000000111500000, 0x0000000114980000)
  object space 30208K, 44% used [0x000000010f780000,0x0000000110495ee8,0x0000000111500000)
GC Heap History (10 events):
Event: 16.375 GC heap before
{Heap before GC invocations=8 (full 0):
 PSYoungGen      total 151552K, used 151528K [0x0000000169e80000, 0x000000017df80000, 0x0000000194980000)
  eden space 133632K, 100% used [0x0000000169e80000,0x0000000172100000,0x0000000172100000)
  from space 17920K, 99% used [0x0000000172100000,0x000000017327a060,0x0000000173280000)
  to   space 30720K, 0% used [0x000000017c180000,0x000000017c180000,0x000000017df80000)
 ParOldGen       total 87040K, used 58471K [0x0000000114980000, 0x0000000119e80000, 0x0000000169e80000)
  object space 87040K, 67% used [0x0000000114980000,0x0000000118299da8,0x0000000119e80000)
 PSPermGen       total 21504K, used 13392K [0x000000010f780000, 0x0000000110c80000, 0x0000000114980000)
  object space 21504K, 62% used [0x000000010f780000,0x0000000110494268,0x0000000110c80000)
Event: 16.437 GC heap after
Heap after GC invocations=8 (full 0):
 PSYoungGen      total 288256K, used 30718K [0x0000000169e80000, 0x000000017f280000, 0x0000000194980000)
  eden space 257536K, 0% used [0x0000000169e80000,0x0000000169e80000,0x0000000179a00000)
  from space 30720K, 99% used [0x000000017c180000,0x000000017df7f9f0,0x000000017df80000)
  to   space 40448K, 0% used [0x0000000179a00000,0x0000000179a00000,0x000000017c180000)
 ParOldGen       total 87040K, used 70379K [0x0000000114980000, 0x0000000119e80000, 0x0000000169e80000)
  object space 87040K, 80% used [0x0000000114980000,0x0000000118e3acb8,0x0000000119e80000)
 PSPermGen       total 21504K, used 13392K [0x000000010f780000, 0x0000000110c80000, 0x0000000114980000)
  object space 21504K, 62% used [0x000000010f780000,0x0000000110494268,0x0000000110c80000)
}
Event: 16.437 GC heap before
{Heap before GC invocations=9 (full 1):
 PSYoungGen      total 288256K, used 30718K [0x0000000169e80000, 0x000000017f280000, 0x0000000194980000)
  eden space 257536K, 0% used [0x0000000169e80000,0x0000000169e80000,0x0000000179a00000)
  from space 30720K, 99% used [0x000000017c180000,0x000000017df7f9f0,0x000000017df80000)
  to   space 40448K, 0% used [0x0000000179a00000,0x0000000179a00000,0x000000017c180000)
 ParOldGen       total 87040K, used 70379K [0x0000000114980000, 0x0000000119e80000, 0x0000000169e80000)
  object space 87040K, 80% used [0x0000000114980000,0x0000000118e3acb8,0x0000000119e80000)
 PSPermGen       total 21504K, used 13392K [0x000000010f780000, 0x0000000110c80000, 0x0000000114980000)
  object space 21504K, 62% used [0x000000010f780000,0x0000000110494268,0x0000000110c80000)
Event: 16.785 GC heap after
Heap after GC invocations=9 (full 1):
 PSYoungGen      total 288256K, used 11678K [0x0000000169e80000, 0x000000017f280000, 0x0000000194980000)
  eden space 257536K, 0% used [0x0000000169e80000,0x0000000169e80000,0x0000000179a00000)
  from space 30720K, 38% used [0x000000017c180000,0x000000017cce7908,0x000000017df80000)
  to   space 40448K, 0% used [0x0000000179a00000,0x0000000179a00000,0x000000017c180000)
 ParOldGen       total 157696K, used 86652K [0x0000000114980000, 0x000000011e380000, 0x0000000169e80000)
  object space 157696K, 54% used [0x0000000114980000,0x0000000119e1f2b0,0x000000011e380000)
 PSPermGen       total 27136K, used 13387K [0x000000010f780000, 0x0000000111200000, 0x0000000114980000)
  object space 27136K, 49% used [0x000000010f780000,0x0000000110492e10,0x0000000111200000)
}
Event: 23.521 GC heap before
{Heap before GC invocations=10 (full 1):
 PSYoungGen      total 288256K, used 269214K [0x0000000169e80000, 0x000000017f280000, 0x0000000194980000)
  eden space 257536K, 100% used [0x0000000169e80000,0x0000000179a00000,0x0000000179a00000)
  from space 30720K, 38% used [0x000000017c180000,0x000000017cce7908,0x000000017df80000)
  to   space 40448K, 0% used [0x0000000179a00000,0x0000000179a00000,0x000000017c180000)
 ParOldGen       total 157696K, used 86652K [0x0000000114980000, 0x000000011e380000, 0x0000000169e80000)
  object space 157696K, 54% used [0x0000000114980000,0x0000000119e1f2b0,0x000000011e380000)
 PSPermGen       total 27136K, used 13397K [0x000000010f780000, 0x0000000111200000, 0x0000000114980000)
  object space 27136K, 49% used [0x000000010f780000,0x0000000110495728,0x0000000111200000)
Event: 23.627 GC heap after
Heap after GC invocations=10 (full 1):
 PSYoungGen      total 297984K, used 40435K [0x0000000169e80000, 0x0000000184900000, 0x0000000194980000)
  eden space 257536K, 0% used [0x0000000169e80000,0x0000000169e80000,0x0000000179a00000)
  from space 40448K, 99% used [0x0000000179a00000,0x000000017c17cec0,0x000000017c180000)
  to   space 53248K, 0% used [0x0000000181500000,0x0000000181500000,0x0000000184900000)
 ParOldGen       total 157696K, used 103749K [0x0000000114980000, 0x000000011e380000, 0x0000000169e80000)
  object space 157696K, 65% used [0x0000000114980000,0x000000011aed17d8,0x000000011e380000)
 PSPermGen       total 27136K, used 13397K [0x000000010f780000, 0x0000000111200000, 0x0000000114980000)
  object space 27136K, 49% used [0x000000010f780000,0x0000000110495728,0x0000000111200000)
}
Event: 30.359 GC heap before
{Heap before GC invocations=11 (full 1):
 PSYoungGen      total 297984K, used 297971K [0x0000000169e80000, 0x0000000184900000, 0x0000000194980000)
  eden space 257536K, 100% used [0x0000000169e80000,0x0000000179a00000,0x0000000179a00000)
  from space 40448K, 99% used [0x0000000179a00000,0x000000017c17cec0,0x000000017c180000)
  to   space 53248K, 0% used [0x0000000181500000,0x0000000181500000,0x0000000184900000)
 ParOldGen       total 157696K, used 103749K [0x0000000114980000, 0x000000011e380000, 0x0000000169e80000)
  object space 157696K, 65% used [0x0000000114980000,0x000000011aed17d8,0x000000011e380000)
 PSPermGen       total 27136K, used 13399K [0x000000010f780000, 0x0000000111200000, 0x0000000114980000)
  object space 27136K, 49% used [0x000000010f780000,0x0000000110495f08,0x0000000111200000)
Event: 30.487 GC heap after
Heap after GC invocations=11 (full 1):
 PSYoungGen      total 362496K, used 53241K [0x0000000169e80000, 0x0000000187200000, 0x0000000194980000)
  eden space 309248K, 0% used [0x0000000169e80000,0x0000000169e80000,0x000000017cc80000)
  from space 53248K, 99% used [0x0000000181500000,0x00000001848fe5e0,0x0000000184900000)
  to   space 74240K, 0% used [0x000000017cc80000,0x000000017cc80000,0x0000000181500000)
 ParOldGen       total 157696K, used 138478K [0x0000000114980000, 0x000000011e380000, 0x0000000169e80000)
  object space 157696K, 87% used [0x0000000114980000,0x000000011d0bb920,0x000000011e380000)
 PSPermGen       total 27136K, used 13399K [0x000000010f780000, 0x0000000111200000, 0x0000000114980000)
  object space 27136K, 49% used [0x000000010f780000,0x0000000110495f08,0x0000000111200000)
}
Event: 30.487 GC heap before
{Heap before GC invocations=12 (full 2):
 PSYoungGen      total 362496K, used 53241K [0x0000000169e80000, 0x0000000187200000, 0x0000000194980000)
  eden space 309248K, 0% used [0x0000000169e80000,0x0000000169e80000,0x000000017cc80000)
  from space 53248K, 99% used [0x0000000181500000,0x00000001848fe5e0,0x0000000184900000)
  to   space 74240K, 0% used [0x000000017cc80000,0x000000017cc80000,0x0000000181500000)
 ParOldGen       total 157696K, used 138478K [0x0000000114980000, 0x000000011e380000, 0x0000000169e80000)
  object space 157696K, 87% used [0x0000000114980000,0x000000011d0bb920,0x000000011e380000)
 PSPermGen       total 27136K, used 13399K [0x000000010f780000, 0x0000000111200000, 0x0000000114980000)
  object space 27136K, 49% used [0x000000010f780000,0x0000000110495f08,0x0000000111200000)
Event: 30.889 GC heap after
Heap after GC invocations=12 (full 2):
 PSYoungGen      total 362496K, used 30555K [0x0000000169e80000, 0x0000000187200000, 0x0000000194980000)
  eden space 309248K, 0% used [0x0000000169e80000,0x0000000169e80000,0x000000017cc80000)
  from space 53248K, 57% used [0x0000000181500000,0x00000001832d6d08,0x0000000184900000)
  to   space 74240K, 0% used [0x000000017cc80000,0x000000017cc80000,0x0000000181500000)
 ParOldGen       total 268800K, used 157661K [0x0000000114980000, 0x0000000125000000, 0x0000000169e80000)
  object space 268800K, 58% used [0x0000000114980000,0x000000011e377670,0x0000000125000000)
 PSPermGen       total 30208K, used 13399K [0x000000010f780000, 0x0000000111500000, 0x0000000114980000)
  object space 30208K, 44% used [0x000000010f780000,0x0000000110495ee8,0x0000000111500000)
}

