# JRE version: Java(TM) SE Runtime Environment (7.0_51-b13) (build 1.7.0_51-b13)
# Java VM: Java HotSpot(TM) 64-Bit Server VM (24.51-b03 mixed mode bsd-amd64 compressed oops)
Heap
 PSYoungGen      total 152576K, used 22688K [0x000000016aa80000, 0x000000017ee80000, 0x0000000195580000)
  eden space 133632K, 2% used [0x000000016aa80000,0x000000016ae29ff8,0x0000000172d00000)
  from space 18944K, 99% used [0x0000000172d00000,0x0000000173f7e2b0,0x0000000173f80000)
  to   space 32256K, 0% used [0x000000017cf00000,0x000000017cf00000,0x000000017ee80000)
 ParOldGen       total 87040K, used 60552K [0x0000000115580000, 0x000000011aa80000, 0x000000016aa80000)
  object space 87040K, 69% used [0x0000000115580000,0x00000001190a23c8,0x000000011aa80000)
 PSPermGen       total 21504K, used 13674K [0x0000000110380000, 0x0000000111880000, 0x0000000115580000)
  object space 21504K, 63% used [0x0000000110380000,0x00000001110daab8,0x0000000111880000)
GC Heap History (10 events):
Event: 6.255 GC heap before
{Heap before GC invocations=3 (full 0):
 PSYoungGen      total 38912K, used 38897K [0x000000016aa80000, 0x000000016f680000, 0x0000000195580000)
  eden space 33792K, 100% used [0x000000016aa80000,0x000000016cb80000,0x000000016cb80000)
  from space 5120K, 99% used [0x000000016d080000,0x000000016d57c6f0,0x000000016d580000)
  to   space 5120K, 0% used [0x000000016cb80000,0x000000016cb80000,0x000000016d080000)
 ParOldGen       total 87040K, used 11372K [0x0000000115580000, 0x000000011aa80000, 0x000000016aa80000)
  object space 87040K, 13% used [0x0000000115580000,0x000000011609b190,0x000000011aa80000)
 PSPermGen       total 21504K, used 13652K [0x0000000110380000, 0x0000000111880000, 0x0000000115580000)
  object space 21504K, 63% used [0x0000000110380000,0x00000001110d51f0,0x0000000111880000)
Event: 6.282 GC heap after
Heap after GC invocations=3 (full 0):
 PSYoungGen      total 38912K, used 5089K [0x000000016aa80000, 0x000000016f680000, 0x0000000195580000)
  eden space 33792K, 0% used [0x000000016aa80000,0x000000016aa80000,0x000000016cb80000)
  from space 5120K, 99% used [0x000000016cb80000,0x000000016d078700,0x000000016d080000)
  to   space 5120K, 0% used [0x000000016f180000,0x000000016f180000,0x000000016f680000)
 ParOldGen       total 87040K, used 17762K [0x0000000115580000, 0x000000011aa80000, 0x000000016aa80000)
  object space 87040K, 20% used [0x0000000115580000,0x00000001166d88e0,0x000000011aa80000)
 PSPermGen       total 21504K, used 13652K [0x0000000110380000, 0x0000000111880000, 0x0000000115580000)
  object space 21504K, 63% used [0x0000000110380000,0x00000001110d51f0,0x0000000111880000)
}
Event: 7.306 GC heap before
{Heap before GC invocations=4 (full 0):
 PSYoungGen      total 38912K, used 38881K [0x000000016aa80000, 0x000000016f680000, 0x0000000195580000)
  eden space 33792K, 100% used [0x000000016aa80000,0x000000016cb80000,0x000000016cb80000)
  from space 5120K, 99% used [0x000000016cb80000,0x000000016d078700,0x000000016d080000)
  to   space 5120K, 0% used [0x000000016f180000,0x000000016f180000,0x000000016f680000)
 ParOldGen       total 87040K, used 17762K [0x0000000115580000, 0x000000011aa80000, 0x000000016aa80000)
  object space 87040K, 20% used [0x0000000115580000,0x00000001166d88e0,0x000000011aa80000)
 PSPermGen       total 21504K, used 13658K [0x0000000110380000, 0x0000000111880000, 0x0000000115580000)
  object space 21504K, 63% used [0x0000000110380000,0x00000001110d6928,0x0000000111880000)
Event: 7.333 GC heap after
Heap after GC invocations=4 (full 0):
 PSYoungGen      total 72704K, used 5089K [0x000000016aa80000, 0x000000016f680000, 0x0000000195580000)
  eden space 67584K, 0% used [0x000000016aa80000,0x000000016aa80000,0x000000016ec80000)
  from space 5120K, 99% used [0x000000016f180000,0x000000016f678700,0x000000016f680000)
  to   space 5120K, 0% used [0x000000016ec80000,0x000000016ec80000,0x000000016f180000)
 ParOldGen       total 87040K, used 24700K [0x0000000115580000, 0x000000011aa80000, 0x000000016aa80000)
  object space 87040K, 28% used [0x0000000115580000,0x0000000116d9f238,0x000000011aa80000)
 PSPermGen       total 21504K, used 13658K [0x0000000110380000, 0x0000000111880000, 0x0000000115580000)
  object space 21504K, 63% used [0x0000000110380000,0x00000001110d6928,0x0000000111880000)
}
Event: 9.311 GC heap before
{Heap before GC invocations=5 (full 0):
 PSYoungGen      total 72704K, used 72673K [0x000000016aa80000, 0x000000016f680000, 0x0000000195580000)
  eden space 67584K, 100% used [0x000000016aa80000,0x000000016ec80000,0x000000016ec80000)
  from space 5120K, 99% used [0x000000016f180000,0x000000016f678700,0x000000016f680000)
  to   space 5120K, 0% used [0x000000016ec80000,0x000000016ec80000,0x000000016f180000)
 ParOldGen       total 87040K, used 24700K [0x0000000115580000, 0x000000011aa80000, 0x000000016aa80000)
  object space 87040K, 28% used [0x0000000115580000,0x0000000116d9f238,0x000000011aa80000)
 PSPermGen       total 21504K, used 13663K [0x0000000110380000, 0x0000000111880000, 0x0000000115580000)
  object space 21504K, 63% used [0x0000000110380000,0x00000001110d7de0,0x0000000111880000)
Event: 9.348 GC heap after
Heap after GC invocations=5 (full 0):
 PSYoungGen      total 72704K, used 5105K [0x000000016aa80000, 0x0000000175080000, 0x0000000195580000)
  eden space 67584K, 0% used [0x000000016aa80000,0x000000016aa80000,0x000000016ec80000)
  from space 5120K, 99% used [0x000000016ec80000,0x000000016f17c710,0x000000016f180000)
  to   space 17408K, 0% used [0x0000000173f80000,0x0000000173f80000,0x0000000175080000)
 ParOldGen       total 87040K, used 37229K [0x0000000115580000, 0x000000011aa80000, 0x000000016aa80000)
  object space 87040K, 42% used [0x0000000115580000,0x00000001179db680,0x000000011aa80000)
 PSPermGen       total 21504K, used 13663K [0x0000000110380000, 0x0000000111880000, 0x0000000115580000)
  object space 21504K, 63% used [0x0000000110380000,0x00000001110d7de0,0x0000000111880000)
}
Event: 11.285 GC heap before
{Heap before GC invocations=6 (full 0):
 PSYoungGen      total 72704K, used 72689K [0x000000016aa80000, 0x0000000175080000, 0x0000000195580000)
  eden space 67584K, 100% used [0x000000016aa80000,0x000000016ec80000,0x000000016ec80000)
  from space 5120K, 99% used [0x000000016ec80000,0x000000016f17c710,0x000000016f180000)
  to   space 17408K, 0% used [0x0000000173f80000,0x0000000173f80000,0x0000000175080000)
 ParOldGen       total 87040K, used 37229K [0x0000000115580000, 0x000000011aa80000, 0x000000016aa80000)
  object space 87040K, 42% used [0x0000000115580000,0x00000001179db680,0x000000011aa80000)
 PSPermGen       total 21504K, used 13667K [0x0000000110380000, 0x0000000111880000, 0x0000000115580000)
  object space 21504K, 63% used [0x0000000110380000,0x00000001110d8f18,0x0000000111880000)
Event: 11.320 GC heap after
Heap after GC invocations=6 (full 0):
 PSYoungGen      total 151040K, used 16967K [0x000000016aa80000, 0x0000000175380000, 0x0000000195580000)
  eden space 133632K, 0% used [0x000000016aa80000,0x000000016aa80000,0x0000000172d00000)
  from space 17408K, 97% used [0x0000000173f80000,0x0000000175011e20,0x0000000175080000)
  to   space 18944K, 0% used [0x0000000172d00000,0x0000000172d00000,0x0000000173f80000)
 ParOldGen       total 87040K, used 38206K [0x0000000115580000, 0x000000011aa80000, 0x000000016aa80000)
  object space 87040K, 43% used [0x0000000115580000,0x0000000117acf8d0,0x000000011aa80000)
 PSPermGen       total 21504K, used 13667K [0x0000000110380000, 0x0000000111880000, 0x0000000115580000)
  object space 21504K, 63% used [0x0000000110380000,0x00000001110d8f18,0x0000000111880000)
}
Event: 15.188 GC heap before
{Heap before GC invocations=7 (full 0):
 PSYoungGen      total 151040K, used 150599K [0x000000016aa80000, 0x0000000175380000, 0x0000000195580000)
  eden space 133632K, 100% used [0x000000016aa80000,0x0000000172d00000,0x0000000172d00000)
  from space 17408K, 97% used [0x0000000173f80000,0x0000000175011e20,0x0000000175080000)
  to   space 18944K, 0% used [0x0000000172d00000,0x0000000172d00000,0x0000000173f80000)
 ParOldGen       total 87040K, used 38206K [0x0000000115580000, 0x000000011aa80000, 0x000000016aa80000)
  object space 87040K, 43% used [0x0000000115580000,0x0000000117acf8d0,0x000000011aa80000)
 PSPermGen       total 21504K, used 13673K [0x0000000110380000, 0x0000000111880000, 0x0000000115580000)
  object space 21504K, 63% used [0x0000000110380000,0x00000001110da4b0,0x0000000111880000)
Event: 15.259 GC heap after
Heap after GC invocations=7 (full 0):
 PSYoungGen      total 152576K, used 18936K [0x000000016aa80000, 0x000000017ee80000, 0x0000000195580000)
  eden space 133632K, 0% used [0x000000016aa80000,0x000000016aa80000,0x0000000172d00000)
  from space 18944K, 99% used [0x0000000172d00000,0x0000000173f7e2b0,0x0000000173f80000)
  to   space 32256K, 0% used [0x000000017cf00000,0x000000017cf00000,0x000000017ee80000)
 ParOldGen       total 87040K, used 60552K [0x0000000115580000, 0x000000011aa80000, 0x000000016aa80000)
  object space 87040K, 69% used [0x0000000115580000,0x00000001190a23c8,0x000000011aa80000)
 PSPermGen       total 21504K, used 13673K [0x0000000110380000, 0x0000000111880000, 0x0000000115580000)
  object space 21504K, 63% used [0x0000000110380000,0x00000001110da4b0,0x0000000111880000)
}

