# JRE version: Java(TM) SE Runtime Environment (7.0_51-b13) (build 1.7.0_51-b13)
# Java VM: Java HotSpot(TM) 64-Bit Server VM (24.51-b03 mixed mode bsd-amd64 compressed oops)
Heap
 PSYoungGen      total 572416K, used 66494K [0x0000000169900000, 0x0000000194400000, 0x0000000194400000)
  eden space 492544K, 2% used [0x0000000169900000,0x000000016a389c88,0x0000000187a00000)
  from space 79872K, 69% used [0x0000000187c00000,0x000000018b265ba0,0x000000018ca00000)
  to   space 114688K, 0% used [0x000000018d400000,0x000000018d400000,0x0000000194400000)
 ParOldGen       total 321536K, used 189570K [0x0000000114400000, 0x0000000127e00000, 0x0000000169900000)
  object space 321536K, 58% used [0x0000000114400000,0x000000011fd20a30,0x0000000127e00000)
 PSPermGen       total 30720K, used 13654K [0x000000010f200000, 0x0000000111000000, 0x0000000114400000)
  object space 30720K, 44% used [0x000000010f200000,0x000000010ff559f0,0x0000000111000000)
GC Heap History (10 events):
Event: 21.374 GC heap before
{Heap before GC invocations=7 (full 0):
 PSYoungGen      total 295424K, used 294685K [0x0000000169900000, 0x000000017e600000, 0x0000000194400000)
  eden space 265216K, 100% used [0x0000000169900000,0x0000000179c00000,0x0000000179c00000)
  from space 30208K, 97% used [0x000000017be80000,0x000000017db47550,0x000000017dc00000)
  to   space 35328K, 0% used [0x0000000179c00000,0x0000000179c00000,0x000000017be80000)
 ParOldGen       total 87040K, used 60260K [0x0000000114400000, 0x0000000119900000, 0x0000000169900000)
  object space 87040K, 69% used [0x0000000114400000,0x0000000117ed90e8,0x0000000119900000)
 PSPermGen       total 21504K, used 13649K [0x000000010f200000, 0x0000000110700000, 0x0000000114400000)
  object space 21504K, 63% used [0x000000010f200000,0x000000010ff547f0,0x0000000110700000)
Event: 21.498 GC heap after
Heap after GC invocations=7 (full 0):
 PSYoungGen      total 300544K, used 35313K [0x0000000169900000, 0x0000000191800000, 0x0000000194400000)
  eden space 265216K, 0% used [0x0000000169900000,0x0000000169900000,0x0000000179c00000)
  from space 35328K, 99% used [0x0000000179c00000,0x000000017be7c580,0x000000017be80000)
  to   space 61952K, 0% used [0x000000018db80000,0x000000018db80000,0x0000000191800000)
 ParOldGen       total 101888K, used 101433K [0x0000000114400000, 0x000000011a780000, 0x0000000169900000)
  object space 101888K, 99% used [0x0000000114400000,0x000000011a70e520,0x000000011a780000)
 PSPermGen       total 21504K, used 13649K [0x000000010f200000, 0x0000000110700000, 0x0000000114400000)
  object space 21504K, 63% used [0x000000010f200000,0x000000010ff547f0,0x0000000110700000)
}
Event: 21.498 GC heap before
{Heap before GC invocations=8 (full 1):
 PSYoungGen      total 300544K, used 35313K [0x0000000169900000, 0x0000000191800000, 0x0000000194400000)
  eden space 265216K, 0% used [0x0000000169900000,0x0000000169900000,0x0000000179c00000)
  from space 35328K, 99% used [0x0000000179c00000,0x000000017be7c580,0x000000017be80000)
  to   space 61952K, 0% used [0x000000018db80000,0x000000018db80000,0x0000000191800000)
 ParOldGen       total 101888K, used 101433K [0x0000000114400000, 0x000000011a780000, 0x0000000169900000)
  object space 101888K, 99% used [0x0000000114400000,0x000000011a70e520,0x000000011a780000)
 PSPermGen       total 21504K, used 13649K [0x000000010f200000, 0x0000000110700000, 0x0000000114400000)
  object space 21504K, 63% used [0x000000010f200000,0x000000010ff547f0,0x0000000110700000)
Event: 21.968 GC heap after
Heap after GC invocations=8 (full 1):
 PSYoungGen      total 300544K, used 31533K [0x0000000169900000, 0x0000000191800000, 0x0000000194400000)
  eden space 265216K, 0% used [0x0000000169900000,0x0000000169900000,0x0000000179c00000)
  from space 35328K, 89% used [0x0000000179c00000,0x000000017bacb480,0x000000017be80000)
  to   space 61952K, 0% used [0x000000018db80000,0x000000018db80000,0x0000000191800000)
 ParOldGen       total 190464K, used 100636K [0x0000000114400000, 0x000000011fe00000, 0x0000000169900000)
  object space 190464K, 52% used [0x0000000114400000,0x000000011a647298,0x000000011fe00000)
 PSPermGen       total 27648K, used 13644K [0x000000010f200000, 0x0000000110d00000, 0x0000000114400000)
  object space 27648K, 49% used [0x000000010f200000,0x000000010ff53040,0x0000000110d00000)
}
Event: 28.589 GC heap before
{Heap before GC invocations=9 (full 1):
 PSYoungGen      total 300544K, used 296749K [0x0000000169900000, 0x0000000191800000, 0x0000000194400000)
  eden space 265216K, 100% used [0x0000000169900000,0x0000000179c00000,0x0000000179c00000)
  from space 35328K, 89% used [0x0000000179c00000,0x000000017bacb480,0x000000017be80000)
  to   space 61952K, 0% used [0x000000018db80000,0x000000018db80000,0x0000000191800000)
 ParOldGen       total 190464K, used 100636K [0x0000000114400000, 0x000000011fe00000, 0x0000000169900000)
  object space 190464K, 52% used [0x0000000114400000,0x000000011a647298,0x000000011fe00000)
 PSPermGen       total 27648K, used 13653K [0x000000010f200000, 0x0000000110d00000, 0x0000000114400000)
  object space 27648K, 49% used [0x000000010f200000,0x000000010ff55408,0x0000000110d00000)
Event: 28.726 GC heap after
Heap after GC invocations=9 (full 1):
 PSYoungGen      total 448000K, used 61934K [0x0000000169900000, 0x0000000191800000, 0x0000000194400000)
  eden space 386048K, 0% used [0x0000000169900000,0x0000000169900000,0x0000000181200000)
  from space 61952K, 99% used [0x000000018db80000,0x00000001917fbaa0,0x0000000191800000)
  to   space 79872K, 0% used [0x0000000187c00000,0x0000000187c00000,0x000000018ca00000)
 ParOldGen       total 190464K, used 117151K [0x0000000114400000, 0x000000011fe00000, 0x0000000169900000)
  object space 190464K, 61% used [0x0000000114400000,0x000000011b667f20,0x000000011fe00000)
 PSPermGen       total 27648K, used 13653K [0x000000010f200000, 0x0000000110d00000, 0x0000000114400000)
  object space 27648K, 49% used [0x000000010f200000,0x000000010ff55408,0x0000000110d00000)
}
Event: 38.256 GC heap before
{Heap before GC invocations=10 (full 1):
 PSYoungGen      total 448000K, used 447982K [0x0000000169900000, 0x0000000191800000, 0x0000000194400000)
  eden space 386048K, 100% used [0x0000000169900000,0x0000000181200000,0x0000000181200000)
  from space 61952K, 99% used [0x000000018db80000,0x00000001917fbaa0,0x0000000191800000)
  to   space 79872K, 0% used [0x0000000187c00000,0x0000000187c00000,0x000000018ca00000)
 ParOldGen       total 190464K, used 117151K [0x0000000114400000, 0x000000011fe00000, 0x0000000169900000)
  object space 190464K, 61% used [0x0000000114400000,0x000000011b667f20,0x000000011fe00000)
 PSPermGen       total 27648K, used 13654K [0x000000010f200000, 0x0000000110d00000, 0x0000000114400000)
  object space 27648K, 49% used [0x000000010f200000,0x000000010ff55a30,0x0000000110d00000)
Event: 38.440 GC heap after
Heap after GC invocations=10 (full 1):
 PSYoungGen      total 572416K, used 79847K [0x0000000169900000, 0x0000000194400000, 0x0000000194400000)
  eden space 492544K, 0% used [0x0000000169900000,0x0000000169900000,0x0000000187a00000)
  from space 79872K, 99% used [0x0000000187c00000,0x000000018c9f9d50,0x000000018ca00000)
  to   space 114688K, 0% used [0x000000018d400000,0x000000018d400000,0x0000000194400000)
 ParOldGen       total 190464K, used 168688K [0x0000000114400000, 0x000000011fe00000, 0x0000000169900000)
  object space 190464K, 88% used [0x0000000114400000,0x000000011e8bc068,0x000000011fe00000)
 PSPermGen       total 27648K, used 13654K [0x000000010f200000, 0x0000000110d00000, 0x0000000114400000)
  object space 27648K, 49% used [0x000000010f200000,0x000000010ff55a30,0x0000000110d00000)
}
Event: 38.440 GC heap before
{Heap before GC invocations=11 (full 2):
 PSYoungGen      total 572416K, used 79847K [0x0000000169900000, 0x0000000194400000, 0x0000000194400000)
  eden space 492544K, 0% used [0x0000000169900000,0x0000000169900000,0x0000000187a00000)
  from space 79872K, 99% used [0x0000000187c00000,0x000000018c9f9d50,0x000000018ca00000)
  to   space 114688K, 0% used [0x000000018d400000,0x000000018d400000,0x0000000194400000)
 ParOldGen       total 190464K, used 168688K [0x0000000114400000, 0x000000011fe00000, 0x0000000169900000)
  object space 190464K, 88% used [0x0000000114400000,0x000000011e8bc068,0x000000011fe00000)
 PSPermGen       total 27648K, used 13654K [0x000000010f200000, 0x0000000110d00000, 0x0000000114400000)
  object space 27648K, 49% used [0x000000010f200000,0x000000010ff55a30,0x0000000110d00000)
Event: 38.936 GC heap after
Heap after GC invocations=11 (full 2):
 PSYoungGen      total 572416K, used 55702K [0x0000000169900000, 0x0000000194400000, 0x0000000194400000)
  eden space 492544K, 0% used [0x0000000169900000,0x0000000169900000,0x0000000187a00000)
  from space 79872K, 69% used [0x0000000187c00000,0x000000018b265ba0,0x000000018ca00000)
  to   space 114688K, 0% used [0x000000018d400000,0x000000018d400000,0x0000000194400000)
 ParOldGen       total 321536K, used 189570K [0x0000000114400000, 0x0000000127e00000, 0x0000000169900000)
  object space 321536K, 58% used [0x0000000114400000,0x000000011fd20a30,0x0000000127e00000)
 PSPermGen       total 30720K, used 13654K [0x000000010f200000, 0x0000000111000000, 0x0000000114400000)
  object space 30720K, 44% used [0x000000010f200000,0x000000010ff559f0,0x0000000111000000)
}

